<?xml version="1.0" encoding="UTF-8"?>
<!-- Generated by org.testng.reporters.JUnitReportReporter -->
<testsuite skipped="0" hostname="GGN000123614005" name="Test1.Class1" tests="2" failures="0" timestamp="2020-10-12T10:16:06 IST" time="13.372" errors="0">
  <testcase name="demo2" time="13.361" classname="Test1.Class1"/>
  <system-out/>
  <testcase name="demo1" time="0.011" classname="Test1.Class1"/>
  <system-out/>
</testsuite> <!-- Test1.Class1 -->
